[handleMsg]:  {
  key: {
    remoteJid: '61424309967@s.whatsapp.net',
    fromMe: false,
    id: '3A7EFB44D89D1ED21F93',
    participant: undefined
  },
  messageTimestamp: 1704425611,
  pushName: 'Camilo Villota Ibarra',
  broadcast: false,
  message: Message {
    conversation: 'Hola',
    messageContextInfo: MessageContextInfo {
      deviceListMetadata: [DeviceListMetadata],
      deviceListMetadataVersion: 2
    }
  },
  body: 'Hola',
  from: '61424309967'
}
[QUEUE_SE_ENVIO]:  {
  ref: 'ans_6dbcd4ca-48dc-41f7-b55e-5369d9fb70eb',
  keyword: 'key_4d0d9aa2-af19-495d-8be4-7f11e452ffca',
  answer: 'Hola 👋, este es el Bot de Noticias de Lumo 📰 🤖',
  options: {
    media: null,
    buttons: [],
    capture: false,
    child: null,
    delay: 0,
    idle: null,
    ref: null,
    nested: [
      [Object], [Object],
      [Object], [Object],
      [Object], [Object],
      [Object], [Object]
    ],
    keyword: {},
    callback: true
  },
  refSerialize: '049a19e7bd55d8cbb9b47028afb7f6d1'
}
[handleMsg]:  {
  key: {
    remoteJid: '61424309967@s.whatsapp.net',
    fromMe: false,
    id: '3A8EACB8495E6F25AA66',
    participant: undefined
  },
  messageTimestamp: 1704425617,
  pushName: 'Camilo Villota Ibarra',
  broadcast: false,
  message: Message {
    conversation: '5',
    messageContextInfo: MessageContextInfo {
      deviceListMetadata: [DeviceListMetadata],
      deviceListMetadataVersion: 2
    }
  },
  body: '5',
  from: '61424309967'
}
[handleMsg]:  {
  key: {
    remoteJid: '61424309967@s.whatsapp.net',
    fromMe: false,
    id: '3A0EDEA8263E29C21EC3',
    participant: undefined
  },
  messageTimestamp: 1704425625,
  pushName: 'Camilo Villota Ibarra',
  broadcast: false,
  message: Message {
    conversation: '2',
    messageContextInfo: MessageContextInfo {
      deviceListMetadata: [DeviceListMetadata],
      deviceListMetadataVersion: 2
    }
  },
  body: '2',
  from: '61424309967'
}
[handleMsg]:  {
  key: {
    remoteJid: '61424309967@s.whatsapp.net',
    fromMe: false,
    id: '3A652A4A1315E907E057',
    participant: undefined
  },
  messageTimestamp: 1704425651,
  pushName: 'Camilo Villota Ibarra',
  broadcast: false,
  message: Message {
    conversation: '#',
    messageContextInfo: MessageContextInfo {
      deviceListMetadata: [DeviceListMetadata],
      deviceListMetadataVersion: 2
    }
  },
  body: '#',
  from: '61424309967'
}
